jue. sep. 16 11:55:53 2021: Starting Cisco Packet Tracer 8.0.0.0212
jue. sep. 16 11:55:53 2021: c:\users\cisco\jenkins\workspace\m_sgme_pt80_win64_cae\engine\ipc\ccep.cpp(349):WARN  - Forced an exapp to be MANDATORY at run-time.
jue. sep. 16 11:55:53 2021: c:\users\cisco\jenkins\workspace\m_sgme_pt80_win64_cae\engine\ipc\ccep.cpp(349):WARN  - Forced an exapp to be MANDATORY at run-time.
jue. sep. 16 11:56:05 2021: Script Module starting: 
jue. sep. 16 11:56:06 2021: Opening file: C:\Users\cesar\OneDrive\Documentos\Trabajo de Circuitos\TrabajoExtra_CesarGarnica.pkt
jue. sep. 16 11:56:07 2021: Changed device name:  to Smartphone0
jue. sep. 16 11:56:07 2021: Changed device name:  to PuertaC
jue. sep. 16 11:56:07 2021: Script Module starting: net.netacad.cisco.PTINTERNAL
jue. sep. 16 11:56:09 2021: Changed device name:  to PuertaD
jue. sep. 16 11:56:09 2021: Changed device name:  to WebCam
jue. sep. 16 11:56:09 2021: Changed device name:  to Radio
jue. sep. 16 11:56:10 2021: Changed device name:  to Cafetera
jue. sep. 16 11:56:10 2021: Changed device name:  to Lampara_Izquier
jue. sep. 16 11:56:10 2021: Changed device name:  to Ventana
jue. sep. 16 11:56:10 2021: Changed device name:  to Lampara_Derecha
jue. sep. 16 11:56:10 2021: Changed device name:  to Ventilador
jue. sep. 16 11:56:11 2021: Changed device name:  to Puerta
jue. sep. 16 11:56:11 2021: Changed device name:  to Ventana2
jue. sep. 16 11:56:11 2021: Changed device name:  to Garage
jue. sep. 16 11:56:11 2021: Changed device name:  to Home Gateway1
jue. sep. 16 11:56:11 2021: Changed device name:  to Laptop
jue. sep. 16 11:56:12 2021: Script Module stopping: File
jue. sep. 16 11:56:12 2021: Script Module starting: File
jue. sep. 16 11:56:12 2021: File opened successfully.
jue. sep. 16 11:56:15 2021: CPtmpServer started at port 39001
jue. sep. 16 11:56:15 2021: Script Module starting: net.netacad.cisco.ActivitySequenceEditor
jue. sep. 16 11:56:16 2021: Script Module starting: net.netacad.cisco.ActivitySequencer
jue. sep. 16 11:56:16 2021: Script Module starting: net.netacad.cisco.clearTerminalAgent
jue. sep. 16 11:56:16 2021: Script Module starting: net.netacad.cisco.Marvel
jue. sep. 16 11:56:16 2021: Script Module starting: net.netacad.cisco.PcSoftware
jue. sep. 16 11:56:16 2021: Script Module starting: net.netacad.cisco.resource
jue. sep. 16 11:56:16 2021: c:\users\cisco\jenkins\workspace\m_sgme_pt80_win64_cae\engine\ipc\ccep.cpp(349):WARN  - Forced an exapp to be MANDATORY at run-time.
jue. sep. 16 11:56:16 2021: CPtmpServer started at port 38001
jue. sep. 16 11:56:34 2021: Link created: Garage Wireless0 to Home Gateway1 Wireless, 8109
jue. sep. 16 11:56:35 2021: Link created: Lampara_Izquier Wireless0 to Home Gateway1 Wireless, 8109
jue. sep. 16 11:56:35 2021: Link created: Laptop Wireless0 to Home Gateway1 Wireless, 8109
jue. sep. 16 11:56:36 2021: Link created: Lampara_Derecha Wireless0 to Home Gateway1 Wireless, 8109
jue. sep. 16 11:56:37 2021: Link created: Smartphone0 Wireless0 to Home Gateway1 Wireless, 8109
jue. sep. 16 11:56:38 2021: Link created: WebCam Wireless0 to Home Gateway1 Wireless, 8109
jue. sep. 16 11:56:38 2021: Link created: Radio Wireless0 to Home Gateway1 Wireless, 8109
jue. sep. 16 11:56:38 2021: Link created: Ventana2 Wireless0 to Home Gateway1 Wireless, 8109
jue. sep. 16 11:56:39 2021: Link created: Puerta Wireless0 to Home Gateway1 Wireless, 8109
jue. sep. 16 11:56:39 2021: Link created: PuertaD Wireless0 to Home Gateway1 Wireless, 8109
jue. sep. 16 11:56:40 2021: Link created: Cafetera Wireless0 to Home Gateway1 Wireless, 8109
jue. sep. 16 11:56:41 2021: Link created: Ventilador Wireless0 to Home Gateway1 Wireless, 8109
jue. sep. 16 11:56:41 2021: Link created: PuertaC Wireless0 to Home Gateway1 Wireless, 8109
jue. sep. 16 11:56:42 2021: Link created: Ventana Wireless0 to Home Gateway1 Wireless, 8109
jue. sep. 16 11:56:58 2021: c:\users\cisco\jenkins\workspace\m_sgme_pt80_win64_cae\gui\deviceconfig\workstation\workstationwebview.cpp(50):INFO  - CWwvUrlInterceptor() - called
jue. sep. 16 11:57:44 2021: Saving to file: C:/Users/cesar/OneDrive/Documentos/Trabajo de Circuitos/TrabajoExtra_CesarGarnica.pkt
jue. sep. 16 11:57:45 2021: Saving options...
jue. sep. 16 11:57:45 2021: Options saved.
jue. sep. 16 11:57:45 2021: File saved successfully.
jue. sep. 16 11:57:50 2021: Script Module stopping: File
jue. sep. 16 11:57:51 2021: Exiting
jue. sep. 16 11:57:51 2021: Saving options...
jue. sep. 16 11:57:51 2021: Options saved.
jue. sep. 16 11:57:51 2021: Script Module stopping: net.netacad.cisco.resource
jue. sep. 16 11:57:51 2021: Script Module stopping: net.netacad.cisco.PTINTERNAL
jue. sep. 16 11:57:51 2021: Script Module stopping: net.netacad.cisco.PcSoftware
jue. sep. 16 11:57:51 2021: Script Module stopping: net.netacad.cisco.Marvel
jue. sep. 16 11:57:51 2021: Script Module stopping: net.netacad.cisco.clearTerminalAgent
jue. sep. 16 11:57:51 2021: Script Module stopping: net.netacad.cisco.ActivitySequencer
jue. sep. 16 11:57:51 2021: Script Module stopping: net.netacad.cisco.ActivitySequenceEditor
jue. sep. 16 11:57:53 2021: ExApp disconnecting: net.netacad.cisco.ptseplayer
jue. sep. 16 11:57:53 2021: CPtmpServer stopped.
jue. sep. 16 11:57:53 2021: CPtmpServer stopped.
