jue. sep. 16 23:01:21 2021: Starting Cisco Packet Tracer 8.0.0.0212
jue. sep. 16 23:01:21 2021: c:\users\cisco\jenkins\workspace\m_sgme_pt80_win64_cae\engine\ipc\ccep.cpp(349):WARN  - Forced an exapp to be MANDATORY at run-time.
jue. sep. 16 23:01:21 2021: c:\users\cisco\jenkins\workspace\m_sgme_pt80_win64_cae\engine\ipc\ccep.cpp(349):WARN  - Forced an exapp to be MANDATORY at run-time.
jue. sep. 16 23:01:30 2021: Script Module starting: 
jue. sep. 16 23:01:30 2021: Opening file: C:\Users\cesar\OneDrive\Documentos\Trabajo de Circuitos\Video.pkt
jue. sep. 16 23:01:32 2021: Changed device name:  to Home Gateway0
jue. sep. 16 23:01:32 2021: Changed device name:  to Cafetera
jue. sep. 16 23:01:32 2021: Script Module starting: net.netacad.cisco.PTINTERNAL
jue. sep. 16 23:01:33 2021: Changed device name:  to Ventana1
jue. sep. 16 23:01:33 2021: Changed device name:  to Ventana2
jue. sep. 16 23:01:33 2021: Changed device name:  to WebCam
jue. sep. 16 23:01:33 2021: Changed device name:  to LamparaIzq
jue. sep. 16 23:01:33 2021: Changed device name:  to LamaparaDere
jue. sep. 16 23:01:33 2021: Changed device name:  to Smartphone0
jue. sep. 16 23:01:33 2021: Changed device name:  to Laptop0
jue. sep. 16 23:01:33 2021: Script Module stopping: File
jue. sep. 16 23:01:33 2021: Script Module starting: File
jue. sep. 16 23:01:33 2021: File opened successfully.
jue. sep. 16 23:01:36 2021: CPtmpServer started at port 39001
jue. sep. 16 23:01:36 2021: Script Module starting: net.netacad.cisco.ActivitySequenceEditor
jue. sep. 16 23:01:36 2021: Script Module starting: net.netacad.cisco.ActivitySequencer
jue. sep. 16 23:01:36 2021: Script Module starting: net.netacad.cisco.clearTerminalAgent
jue. sep. 16 23:01:36 2021: Script Module starting: net.netacad.cisco.Marvel
jue. sep. 16 23:01:36 2021: Script Module starting: net.netacad.cisco.PcSoftware
jue. sep. 16 23:01:36 2021: Script Module starting: net.netacad.cisco.resource
jue. sep. 16 23:01:36 2021: c:\users\cisco\jenkins\workspace\m_sgme_pt80_win64_cae\engine\ipc\ccep.cpp(349):WARN  - Forced an exapp to be MANDATORY at run-time.
jue. sep. 16 23:01:36 2021: CPtmpServer started at port 38001
jue. sep. 16 23:01:51 2021: Link created: LamaparaDere Wireless0 to Home Gateway0 Wireless, 8109
jue. sep. 16 23:01:53 2021: Link created: LamparaIzq Wireless0 to Home Gateway0 Wireless, 8109
jue. sep. 16 23:01:53 2021: Link created: Cafetera Wireless0 to Home Gateway0 Wireless, 8109
jue. sep. 16 23:01:54 2021: Link created: Ventana2 Wireless0 to Home Gateway0 Wireless, 8109
jue. sep. 16 23:01:55 2021: Link created: Ventana1 Wireless0 to Home Gateway0 Wireless, 8109
jue. sep. 16 23:01:55 2021: Link created: WebCam Wireless0 to Home Gateway0 Wireless, 8109
jue. sep. 16 23:02:57 2021: Link created: Laptop0 Wireless0 to Home Gateway0 Wireless, 8109
jue. sep. 16 23:04:05 2021: Link created: Smartphone0 Wireless0 to Home Gateway0 Wireless, 8109
jue. sep. 16 23:04:20 2021: c:\users\cisco\jenkins\workspace\m_sgme_pt80_win64_cae\gui\deviceconfig\workstation\workstationwebview.cpp(50):INFO  - CWwvUrlInterceptor() - called
jue. sep. 16 23:05:02 2021: c:\users\cisco\jenkins\workspace\m_sgme_pt80_win64_cae\gui\deviceconfig\workstation\workstationwebview.cpp(50):INFO  - CWwvUrlInterceptor() - called
jue. sep. 16 23:05:26 2021: c:\users\cisco\jenkins\workspace\m_sgme_pt80_win64_cae\gui\deviceconfig\workstation\workstationwebview.cpp(50):INFO  - CWwvUrlInterceptor() - called
jue. sep. 16 23:07:18 2021: c:\users\cisco\jenkins\workspace\m_sgme_pt80_win64_cae\gui\deviceconfig\workstation\workstationwebview.cpp(50):INFO  - CWwvUrlInterceptor() - called
jue. sep. 16 23:20:39 2021: Link created: Smartphone0 Wireless0 to Home Gateway0 Wireless, 8109
jue. sep. 16 23:20:58 2021: c:\users\cisco\jenkins\workspace\m_sgme_pt80_win64_cae\gui\deviceconfig\workstation\workstationwebview.cpp(50):INFO  - CWwvUrlInterceptor() - called
jue. sep. 16 23:47:08 2021: Saving to file: C:/Users/cesar/OneDrive/Documentos/Trabajo de Circuitos/Video.pkt
jue. sep. 16 23:47:09 2021: Saving options...
jue. sep. 16 23:47:09 2021: Options saved.
jue. sep. 16 23:47:09 2021: File saved successfully.
jue. sep. 16 23:47:14 2021: Script Module stopping: File
jue. sep. 16 23:47:14 2021: Exiting
jue. sep. 16 23:47:14 2021: Saving options...
jue. sep. 16 23:47:14 2021: Options saved.
jue. sep. 16 23:47:14 2021: Script Module stopping: net.netacad.cisco.resource
jue. sep. 16 23:47:14 2021: Script Module stopping: net.netacad.cisco.PTINTERNAL
jue. sep. 16 23:47:14 2021: Script Module stopping: net.netacad.cisco.PcSoftware
jue. sep. 16 23:47:14 2021: Script Module stopping: net.netacad.cisco.Marvel
jue. sep. 16 23:47:14 2021: Script Module stopping: net.netacad.cisco.clearTerminalAgent
jue. sep. 16 23:47:14 2021: Script Module stopping: net.netacad.cisco.ActivitySequencer
jue. sep. 16 23:47:14 2021: Script Module stopping: net.netacad.cisco.ActivitySequenceEditor
jue. sep. 16 23:47:16 2021: ExApp disconnecting: net.netacad.cisco.ptseplayer
jue. sep. 16 23:47:16 2021: CPtmpServer stopped.
jue. sep. 16 23:47:16 2021: CPtmpServer stopped.
