vie. sep. 17 09:10:39 2021: Starting Cisco Packet Tracer 8.0.0.0212
vie. sep. 17 09:10:39 2021: c:\users\cisco\jenkins\workspace\m_sgme_pt80_win64_cae\engine\ipc\ccep.cpp(349):WARN  - Forced an exapp to be MANDATORY at run-time.
vie. sep. 17 09:10:39 2021: c:\users\cisco\jenkins\workspace\m_sgme_pt80_win64_cae\engine\ipc\ccep.cpp(349):WARN  - Forced an exapp to be MANDATORY at run-time.
vie. sep. 17 09:10:55 2021: Script Module starting: 
vie. sep. 17 09:11:03 2021: CPtmpServer started at port 39000
vie. sep. 17 09:11:03 2021: Script Module starting: net.netacad.cisco.ActivitySequenceEditor
vie. sep. 17 09:11:03 2021: Script Module starting: net.netacad.cisco.ActivitySequencer
vie. sep. 17 09:11:04 2021: Script Module starting: net.netacad.cisco.clearTerminalAgent
vie. sep. 17 09:11:04 2021: Script Module starting: net.netacad.cisco.Marvel
vie. sep. 17 09:11:04 2021: Script Module starting: net.netacad.cisco.PcSoftware
vie. sep. 17 09:11:04 2021: Script Module starting: net.netacad.cisco.PTINTERNAL
vie. sep. 17 09:11:05 2021: Script Module starting: net.netacad.cisco.resource
vie. sep. 17 09:11:05 2021: c:\users\cisco\jenkins\workspace\m_sgme_pt80_win64_cae\engine\ipc\ccep.cpp(349):WARN  - Forced an exapp to be MANDATORY at run-time.
vie. sep. 17 09:11:09 2021: CPtmpServer started at port 38000
vie. sep. 17 09:18:10 2021: Saving options...
vie. sep. 17 09:18:11 2021: Options saved.
vie. sep. 17 11:10:46 2021: Script Module stopping: File
vie. sep. 17 11:10:46 2021: Exiting
vie. sep. 17 11:10:46 2021: Saving options...
vie. sep. 17 11:10:46 2021: Options saved.
vie. sep. 17 11:10:46 2021: Script Module stopping: net.netacad.cisco.resource
vie. sep. 17 11:10:46 2021: Script Module stopping: net.netacad.cisco.PTINTERNAL
vie. sep. 17 11:10:46 2021: Script Module stopping: net.netacad.cisco.PcSoftware
vie. sep. 17 11:10:46 2021: Script Module stopping: net.netacad.cisco.Marvel
vie. sep. 17 11:10:46 2021: Script Module stopping: net.netacad.cisco.clearTerminalAgent
vie. sep. 17 11:10:46 2021: Script Module stopping: net.netacad.cisco.ActivitySequencer
vie. sep. 17 11:10:46 2021: Script Module stopping: net.netacad.cisco.ActivitySequenceEditor
vie. sep. 17 11:10:49 2021: ExApp disconnecting: net.netacad.cisco.ptseplayer
vie. sep. 17 11:10:49 2021: CPtmpServer stopped.
vie. sep. 17 11:10:49 2021: CPtmpServer stopped.
