vie. sep. 17 13:22:22 2021: Starting Cisco Packet Tracer 8.0.0.0212
vie. sep. 17 13:22:23 2021: c:\users\cisco\jenkins\workspace\m_sgme_pt80_win64_cae\engine\ipc\ccep.cpp(349):WARN  - Forced an exapp to be MANDATORY at run-time.
vie. sep. 17 13:22:23 2021: c:\users\cisco\jenkins\workspace\m_sgme_pt80_win64_cae\engine\ipc\ccep.cpp(349):WARN  - Forced an exapp to be MANDATORY at run-time.
vie. sep. 17 13:22:56 2021: Script Module starting: 
vie. sep. 17 13:23:01 2021: Opening file: C:\Users\cesar\OneDrive\Documentos\Trabajo de Circuitos\TrabajoExtra_CesarGarnica.pkt
vie. sep. 17 13:23:03 2021: Changed device name:  to Smartphone0
vie. sep. 17 13:23:03 2021: Changed device name:  to PuertaC
vie. sep. 17 13:23:03 2021: Script Module starting: net.netacad.cisco.PTINTERNAL
vie. sep. 17 13:23:04 2021: Changed device name:  to PuertaD
vie. sep. 17 13:23:04 2021: Changed device name:  to WebCam
vie. sep. 17 13:23:05 2021: Changed device name:  to Radio
vie. sep. 17 13:23:15 2021: Changed device name:  to Cafetera
vie. sep. 17 13:23:15 2021: Changed device name:  to Lampara_Izquier
vie. sep. 17 13:23:15 2021: Changed device name:  to Ventana
vie. sep. 17 13:23:15 2021: Changed device name:  to Lampara_Derecha
vie. sep. 17 13:23:15 2021: Changed device name:  to Ventilador
vie. sep. 17 13:23:15 2021: Changed device name:  to Puerta
vie. sep. 17 13:23:16 2021: Changed device name:  to Ventana2
vie. sep. 17 13:23:16 2021: Changed device name:  to Garage
vie. sep. 17 13:23:16 2021: Changed device name:  to Home Gateway1
vie. sep. 17 13:23:17 2021: Changed device name:  to Laptop
vie. sep. 17 13:23:17 2021: Script Module stopping: File
vie. sep. 17 13:23:17 2021: Script Module starting: File
vie. sep. 17 13:23:17 2021: File opened successfully.
vie. sep. 17 13:23:21 2021: CPtmpServer started at port 39000
vie. sep. 17 13:23:21 2021: Script Module starting: net.netacad.cisco.ActivitySequenceEditor
vie. sep. 17 13:23:21 2021: Script Module starting: net.netacad.cisco.ActivitySequencer
vie. sep. 17 13:23:21 2021: Script Module starting: net.netacad.cisco.clearTerminalAgent
vie. sep. 17 13:23:21 2021: Script Module starting: net.netacad.cisco.Marvel
vie. sep. 17 13:23:21 2021: Script Module starting: net.netacad.cisco.PcSoftware
vie. sep. 17 13:23:21 2021: Script Module starting: net.netacad.cisco.resource
vie. sep. 17 13:23:21 2021: c:\users\cisco\jenkins\workspace\m_sgme_pt80_win64_cae\engine\ipc\ccep.cpp(349):WARN  - Forced an exapp to be MANDATORY at run-time.
vie. sep. 17 13:23:21 2021: CPtmpServer started at port 38000
vie. sep. 17 13:23:40 2021: Link created: Laptop Wireless0 to Home Gateway1 Wireless, 8109
vie. sep. 17 13:23:40 2021: Link created: Ventilador Wireless0 to Home Gateway1 Wireless, 8109
vie. sep. 17 13:23:41 2021: Link created: PuertaC Wireless0 to Home Gateway1 Wireless, 8109
vie. sep. 17 13:23:41 2021: Link created: WebCam Wireless0 to Home Gateway1 Wireless, 8109
vie. sep. 17 13:23:41 2021: Link created: Smartphone0 Wireless0 to Home Gateway1 Wireless, 8109
vie. sep. 17 13:23:42 2021: Link created: PuertaD Wireless0 to Home Gateway1 Wireless, 8109
vie. sep. 17 13:23:42 2021: Link created: Radio Wireless0 to Home Gateway1 Wireless, 8109
vie. sep. 17 13:23:43 2021: Link created: Garage Wireless0 to Home Gateway1 Wireless, 8109
vie. sep. 17 13:23:43 2021: Link created: Cafetera Wireless0 to Home Gateway1 Wireless, 8109
vie. sep. 17 13:23:43 2021: Link created: Ventana Wireless0 to Home Gateway1 Wireless, 8109
vie. sep. 17 13:23:44 2021: Link created: Puerta Wireless0 to Home Gateway1 Wireless, 8109
vie. sep. 17 13:23:44 2021: Link created: Ventana2 Wireless0 to Home Gateway1 Wireless, 8109
vie. sep. 17 13:23:44 2021: Link created: Lampara_Izquier Wireless0 to Home Gateway1 Wireless, 8109
vie. sep. 17 13:23:45 2021: Link created: Lampara_Derecha Wireless0 to Home Gateway1 Wireless, 8109
vie. sep. 17 13:23:59 2021: c:\users\cisco\jenkins\workspace\m_sgme_pt80_win64_cae\gui\deviceconfig\workstation\workstationwebview.cpp(50):INFO  - CWwvUrlInterceptor() - called
vie. sep. 17 13:33:29 2021: c:\users\cisco\jenkins\workspace\m_sgme_pt80_win64_cae\gui\deviceconfig\workstation\workstationwebview.cpp(50):INFO  - CWwvUrlInterceptor() - called
