mié. sep. 15 18:44:56 2021: Starting Cisco Packet Tracer 8.0.0.0212
mié. sep. 15 18:44:58 2021: c:\users\cisco\jenkins\workspace\m_sgme_pt80_win64_cae\engine\ipc\ccep.cpp(349):WARN  - Forced an exapp to be MANDATORY at run-time.
mié. sep. 15 18:44:59 2021: c:\users\cisco\jenkins\workspace\m_sgme_pt80_win64_cae\engine\ipc\ccep.cpp(349):WARN  - Forced an exapp to be MANDATORY at run-time.
mié. sep. 15 18:45:18 2021: Script Module starting: 
mié. sep. 15 18:45:21 2021: Opening file: C:\Users\cesar\Downloads\Cesar Garnic.pka
mié. sep. 15 18:45:21 2021: Saving options...
mié. sep. 15 18:45:21 2021: Options saved.
mié. sep. 15 18:45:22 2021: Script Module starting: 
mié. sep. 15 18:45:22 2021: Script Module starting: 
mié. sep. 15 18:45:22 2021: Script Module starting: 
mié. sep. 15 18:45:22 2021: Script Module starting: 
mié. sep. 15 18:45:22 2021: Script Module starting: net.netacad.cisco.resource
mié. sep. 15 18:45:23 2021: Script Module starting: File
mié. sep. 15 18:45:27 2021: Script Module stopping: File
mié. sep. 15 18:45:28 2021: Changed device name:  to PC para el hogar
mié. sep. 15 18:45:28 2021: Changed device name:  to Router inalámbrico
mié. sep. 15 18:45:28 2021: Changed device name:  to Módem por cable
mié. sep. 15 18:45:28 2021: Changed device name:  to Nube
mié. sep. 15 18:45:28 2021: Changed device name:  to Router0
mié. sep. 15 18:45:28 2021: Changed device name:  to netacad.pka
mié. sep. 15 18:45:28 2021: Changed device name:  to Home Printer
mié. sep. 15 18:45:28 2021: Changed device name:  to Configuration Terminal
mié. sep. 15 18:45:28 2021: Changed device name:  to Router1
mié. sep. 15 18:45:28 2021: Changed device name:  to Switch
mié. sep. 15 18:45:28 2021: Changed device name:  to PC familiar
mié. sep. 15 18:45:29 2021: Changed device name:  to PC para el hogar
mié. sep. 15 18:45:29 2021: Changed device name:  to Router inalámbrico
mié. sep. 15 18:45:29 2021: Changed device name:  to Módem por cable
mié. sep. 15 18:45:29 2021: Changed device name:  to Nube
mié. sep. 15 18:45:29 2021: Changed device name:  to Router0
mié. sep. 15 18:45:29 2021: Changed device name:  to netacad.pka
mié. sep. 15 18:45:29 2021: Changed device name:  to Home Printer
mié. sep. 15 18:45:29 2021: Changed device name:  to Configuration Terminal
mié. sep. 15 18:45:29 2021: Changed device name:  to Router1
mié. sep. 15 18:45:29 2021: Changed device name:  to Switch
mié. sep. 15 18:45:29 2021: Changed device name:  to PC familiar
mié. sep. 15 18:45:29 2021: Changed device name:  to Power Distribution Device0
mié. sep. 15 18:45:29 2021: Changed device name:  to Power Distribution Device1
mié. sep. 15 18:45:30 2021: Changed device name:  to PC para el hogar
mié. sep. 15 18:45:30 2021: Changed device name:  to Router inalámbrico
mié. sep. 15 18:45:30 2021: Changed device name:  to Módem por cable
mié. sep. 15 18:45:30 2021: Changed device name:  to Nube
mié. sep. 15 18:45:30 2021: Changed device name:  to Router0
mié. sep. 15 18:45:30 2021: Changed device name:  to netacad.pka
mié. sep. 15 18:45:30 2021: Changed device name:  to Home Printer
mié. sep. 15 18:45:30 2021: Changed device name:  to Configuration Terminal
mié. sep. 15 18:45:30 2021: Changed device name:  to Router1
mié. sep. 15 18:45:30 2021: Changed device name:  to Switch
mié. sep. 15 18:45:30 2021: Changed device name:  to PC familiar
mié. sep. 15 18:45:31 2021: Script Module stopping: File
mié. sep. 15 18:45:31 2021: Script Module starting: File
mié. sep. 15 18:45:31 2021: File opened successfully.
mié. sep. 15 18:45:36 2021: CPtmpServer started at port 39000
mié. sep. 15 18:45:36 2021: Script Module starting: net.netacad.cisco.ActivitySequenceEditor
mié. sep. 15 18:45:36 2021: Script Module starting: net.netacad.cisco.ActivitySequencer
mié. sep. 15 18:45:36 2021: Script Module starting: net.netacad.cisco.clearTerminalAgent
mié. sep. 15 18:45:36 2021: Script Module starting: net.netacad.cisco.Marvel
mié. sep. 15 18:45:36 2021: Script Module starting: net.netacad.cisco.PcSoftware
mié. sep. 15 18:45:36 2021: Script Module starting: net.netacad.cisco.PTINTERNAL
mié. sep. 15 18:45:37 2021: c:\users\cisco\jenkins\workspace\m_sgme_pt80_win64_cae\engine\ipc\ccep.cpp(349):WARN  - Forced an exapp to be MANDATORY at run-time.
mié. sep. 15 18:45:38 2021: CPtmpServer started at port 38000
mié. sep. 15 18:45:53 2021: Link created: PC para el hogar Wireless0 to Router inalámbrico Wireless, 8109
mié. sep. 15 18:48:35 2021: c:\users\cisco\jenkins\workspace\m_sgme_pt80_win64_cae\gui\common\cursorbank.cpp(52):INFO  - Cursor: ../art/Cursors/cOpenHand.png, Offset: 0 x 0, Size: 32 x 32, DPR: 1
mié. sep. 15 18:48:35 2021: c:\users\cisco\jenkins\workspace\m_sgme_pt80_win64_cae\gui\common\cursorbank.cpp(52):INFO  - Cursor: ../art/Cursors/cClosedHand.png, Offset: 0 x 0, Size: 32 x 32, DPR: 1
mié. sep. 15 18:48:35 2021: c:\users\cisco\jenkins\workspace\m_sgme_pt80_win64_cae\gui\common\cursorbank.cpp(52):INFO  - Cursor: ../art/Cursors/cConnect.svg, Offset: 10 x 10, Size: 32 x 32, DPR: 1
mié. sep. 15 18:48:35 2021: c:\users\cisco\jenkins\workspace\m_sgme_pt80_win64_cae\gui\common\cursorbank.cpp(52):INFO  - Cursor: ../art/Cursors/cTargetX.svg, Offset: 16 x 16, Size: 32 x 32, DPR: 1
mié. sep. 15 18:48:35 2021: c:\users\cisco\jenkins\workspace\m_sgme_pt80_win64_cae\gui\common\cursorbank.cpp(52):INFO  - Cursor: ../art/Cursors/cAddDevice.svg, Offset: 16 x 16, Size: 32 x 32, DPR: 1
mié. sep. 15 18:48:35 2021: c:\users\cisco\jenkins\workspace\m_sgme_pt80_win64_cae\gui\common\cursorbank.cpp(52):INFO  - Cursor: ../art/Cursors/cInspect.svg, Offset: 16 x 16, Size: 32 x 32, DPR: 1
mié. sep. 15 18:48:35 2021: c:\users\cisco\jenkins\workspace\m_sgme_pt80_win64_cae\gui\common\cursorbank.cpp(52):INFO  - Cursor: ../art/Cursors/cAddPacket.svg, Offset: 10 x 10, Size: 32 x 32, DPR: 1
mié. sep. 15 18:48:35 2021: c:\users\cisco\jenkins\workspace\m_sgme_pt80_win64_cae\gui\common\cursorbank.cpp(52):INFO  - Cursor: ../art/Cursors/cResize.svg, Offset: 16 x 16, Size: 32 x 32, DPR: 1
mié. sep. 15 18:48:35 2021: c:\users\cisco\jenkins\workspace\m_sgme_pt80_win64_cae\gui\common\cursorbank.cpp(52):INFO  - Cursor: ../art/Cursors/cPencil.svg, Offset: 16 x 16, Size: 32 x 32, DPR: 1
mié. sep. 15 18:48:35 2021: c:\users\cisco\jenkins\workspace\m_sgme_pt80_win64_cae\gui\common\cursorbank.cpp(52):INFO  - Cursor: ../art/Cursors/cDrawingcross.svg, Offset: 16 x 16, Size: 32 x 32, DPR: 1
mié. sep. 15 18:51:44 2021: Saving to file: C:/Users/cesar/Downloads/Cesar Garnic.pka
mié. sep. 15 18:51:46 2021: Saving options...
mié. sep. 15 18:51:46 2021: Options saved.
mié. sep. 15 18:51:46 2021: File saved successfully.
mié. sep. 15 18:51:46 2021: Saving options...
mié. sep. 15 18:51:46 2021: Options saved.
mié. sep. 15 18:51:49 2021: File new
mié. sep. 15 18:51:49 2021: Script Module stopping: File
mié. sep. 15 18:51:49 2021: Script Module stopping: File
mié. sep. 15 18:51:49 2021: Link deleted: Configuration Terminal RS 232 to Router0 Console, 8108
mié. sep. 15 18:51:49 2021: Link deleted: Módem por cable Port 1 to Router inalámbrico Internet, 8100
mié. sep. 15 18:51:49 2021: Link deleted: Nube Coaxial7 to Módem por cable Port 0, 8110
mié. sep. 15 18:51:49 2021: Link deleted: Router inalámbrico Ethernet 1 to PC familiar FastEthernet0, 8100
mié. sep. 15 18:51:49 2021: Link deleted: Router0 FastEthernet0/0 to Nube Ethernet6, 8100
mié. sep. 15 18:51:49 2021: Link deleted: Router1 FastEthernet1/0 to Switch FastEthernet0/1, 8103
mié. sep. 15 18:51:49 2021: Link deleted: Router0 Serial0/0/0 to Router1 Serial0/0, 8106
mié. sep. 15 18:51:49 2021: Link deleted: Router0 FastEthernet0/1 to netacad.pka FastEthernet0, 8101
mié. sep. 15 18:51:49 2021: Script Module stopping: File
mié. sep. 15 18:51:49 2021: Script Module stopping: File
mié. sep. 15 18:51:49 2021: Script Module stopping: File
mié. sep. 15 18:51:50 2021: Script Module starting: File
mié. sep. 15 18:51:50 2021: File new'd successfully.
mié. sep. 15 18:52:43 2021: Changed device name:  to PC0
mié. sep. 15 18:52:43 2021: Created device: PC0 model: PC-PT
mié. sep. 15 18:52:57 2021: Changed device name:  to IoT0
mié. sep. 15 18:52:58 2021: Created device: IoT0 model: Door
mié. sep. 15 18:53:07 2021: Changed device name:  to IoT1
mié. sep. 15 18:53:07 2021: Created device: IoT1 model: Light
mié. sep. 15 18:53:13 2021: Changed device name:  to IoT2
mié. sep. 15 18:53:14 2021: Created device: IoT2 model: Window
mié. sep. 15 18:53:38 2021: Changed device name:  to Server0
mié. sep. 15 18:53:38 2021: Changed device name:  to Power Distribution Device0
mié. sep. 15 18:53:38 2021: Created device: Power Distribution Device0 model: Power Distribution Device
mié. sep. 15 18:53:38 2021: Created device: Server0 model: Server-PT
mié. sep. 15 18:54:00 2021: Changed device name:  to Switch0
mié. sep. 15 18:54:00 2021: Created device: Switch0 model: 2960-24TT
mié. sep. 15 18:54:31 2021: Changed device name:  to SBC0
mié. sep. 15 18:54:31 2021: Created device: SBC0 model: SBC-PT
mié. sep. 15 18:54:38 2021: Changed device name:  to SBC1
mié. sep. 15 18:54:38 2021: Created device: SBC1 model: SBC-PT
mié. sep. 15 18:54:53 2021: Changed device name:  to IoT3
mié. sep. 15 18:54:53 2021: Created device: IoT3 model: Push Button
mié. sep. 15 18:56:45 2021: Changed device name:  to IoT4
mié. sep. 15 18:56:46 2021: Created device: IoT4 model: Toggle Push Button
mié. sep. 15 18:56:49 2021: Changed device name:  to IoT5
mié. sep. 15 18:56:49 2021: Created device: IoT5 model: Toggle Push Button
mié. sep. 15 18:57:09 2021: Removed device: IoT5
mié. sep. 15 18:57:13 2021: Removed device: IoT4
mié. sep. 15 18:59:17 2021: Link created: Switch0 FastEthernet0/1 to Server0 FastEthernet0, 8100
mié. sep. 15 18:59:48 2021: Link deleted: Switch0 FastEthernet0/1 to Server0 FastEthernet0, 8100
mié. sep. 15 18:59:58 2021: Link created: Switch0 FastEthernet0/1 to Server0 FastEthernet0, 8100
mié. sep. 15 19:00:09 2021: Link created: Switch0 FastEthernet0/2 to PC0 FastEthernet0, 8100
mié. sep. 15 19:03:29 2021: Changed device name:  to IoT6
mié. sep. 15 19:03:29 2021: Created device: IoT6 model: Window
mié. sep. 15 19:07:38 2021: Removed device: IoT6
mié. sep. 15 19:08:59 2021: Changed device name:  to Home Gateway0
mié. sep. 15 19:08:59 2021: Created device: Home Gateway0 model: DLC100
mié. sep. 15 19:09:02 2021: Link created: SBC1 Wireless3 to Home Gateway0 Wireless, 8109
mié. sep. 15 19:09:02 2021: Link created: IoT1 Wireless0 to Home Gateway0 Wireless, 8109
mié. sep. 15 19:09:02 2021: Link created: SBC0 Wireless3 to Home Gateway0 Wireless, 8109
mié. sep. 15 19:09:02 2021: Link created: IoT2 Wireless0 to Home Gateway0 Wireless, 8109
mié. sep. 15 19:09:02 2021: Link created: IoT0 Wireless0 to Home Gateway0 Wireless, 8109
mié. sep. 15 19:10:02 2021: Link deleted: Switch0 FastEthernet0/1 to Server0 FastEthernet0, 8100
mié. sep. 15 19:10:02 2021: Removed device: Server0
mié. sep. 15 19:10:05 2021: Link deleted: Switch0 FastEthernet0/2 to PC0 FastEthernet0, 8100
mié. sep. 15 19:10:05 2021: Removed device: Switch0
mié. sep. 15 19:10:08 2021: Removed device: PC0
mié. sep. 15 19:10:16 2021: Removed device: SBC1
mié. sep. 15 19:10:20 2021: Removed device: SBC0
mié. sep. 15 19:10:22 2021: Removed device: IoT3
mié. sep. 15 19:10:31 2021: Removed device: IoT0
mié. sep. 15 19:10:47 2021: Changed device name:  to IoT7
mié. sep. 15 19:10:47 2021: Created device: IoT7 model: Fan
mié. sep. 15 19:10:51 2021: Link created: IoT7 Wireless0 to Home Gateway0 Wireless, 8109
mié. sep. 15 19:11:02 2021: Removed device: Home Gateway0
mié. sep. 15 19:11:15 2021: Changed device name:  to IoT8
mié. sep. 15 19:11:15 2021: Created device: IoT8 model: Light
mié. sep. 15 19:11:34 2021: Changed device name:  to Home Gateway1
mié. sep. 15 19:11:34 2021: Created device: Home Gateway1 model: DLC100
mié. sep. 15 19:11:37 2021: Link created: IoT2 Wireless0 to Home Gateway1 Wireless, 8109
mié. sep. 15 19:11:37 2021: Link created: IoT1 Wireless0 to Home Gateway1 Wireless, 8109
mié. sep. 15 19:11:37 2021: Link created: IoT8 Wireless0 to Home Gateway1 Wireless, 8109
mié. sep. 15 19:11:37 2021: Link created: IoT7 Wireless0 to Home Gateway1 Wireless, 8109
mié. sep. 15 19:12:25 2021: Changed device name: IoT7 to IoT
mié. sep. 15 19:12:25 2021: Changed device name: IoT to Io
mié. sep. 15 19:12:27 2021: Changed device name: Io to I
mié. sep. 15 19:12:27 2021: Changed device name: I to V
mié. sep. 15 19:12:28 2021: Changed device name: V to VE
mié. sep. 15 19:12:28 2021: Changed device name: VE to VEN
mié. sep. 15 19:12:28 2021: Changed device name: VEN to VENT
mié. sep. 15 19:12:28 2021: Changed device name: VENT to VENTI
mié. sep. 15 19:12:29 2021: Changed device name: VENTI to VENTIL
mié. sep. 15 19:12:29 2021: Changed device name: VENTIL to VENTILA
mié. sep. 15 19:12:29 2021: Changed device name: VENTILA to VENTILAD
mié. sep. 15 19:12:29 2021: Changed device name: VENTILAD to VENTILADO
mié. sep. 15 19:12:29 2021: Changed device name: VENTILADO to VENTILADOR
mié. sep. 15 19:12:36 2021: Changed device name: VENTILADOR to VENTILADO
mié. sep. 15 19:12:36 2021: Changed device name: VENTILADO to VENTILAD
mié. sep. 15 19:12:38 2021: Changed device name: VENTILAD to VENTILA
mié. sep. 15 19:12:38 2021: Changed device name: VENTILA to VENTIL
mié. sep. 15 19:12:38 2021: Changed device name: VENTIL to VENTI
mié. sep. 15 19:12:38 2021: Changed device name: VENTI to VENT
mié. sep. 15 19:12:39 2021: Changed device name: VENT to VEN
mié. sep. 15 19:12:39 2021: Changed device name: VEN to VE
mié. sep. 15 19:12:39 2021: Changed device name: VE to V
mié. sep. 15 19:12:39 2021: Changed device name: V to Ve
mié. sep. 15 19:12:39 2021: Changed device name: Ve to Ven
mié. sep. 15 19:12:40 2021: Changed device name: Ven to Vent
mié. sep. 15 19:12:40 2021: Changed device name: Vent to Venti
mié. sep. 15 19:12:40 2021: Changed device name: Venti to Ventil
mié. sep. 15 19:12:40 2021: Changed device name: Ventil to Ventila
mié. sep. 15 19:12:40 2021: Changed device name: Ventila to Ventilad
mié. sep. 15 19:12:40 2021: Changed device name: Ventilad to Ventilado
mié. sep. 15 19:12:40 2021: Changed device name: Ventilado to Ventilador
mié. sep. 15 19:12:43 2021: Changed device name: Ventilador to Ventilado
mié. sep. 15 19:12:44 2021: Changed device name: Ventilado to Ventilad
mié. sep. 15 19:12:49 2021: Changed device name: Ventilad to Ventilado
mié. sep. 15 19:12:53 2021: Changed device name: Ventilado to Ventilad
mié. sep. 15 19:12:56 2021: Changed device name: Ventilad to Ventila
mié. sep. 15 19:12:57 2021: Changed device name: Ventila to Ventilad
mié. sep. 15 19:12:57 2021: Changed device name: Ventilad to Ventilado
mié. sep. 15 19:12:58 2021: Changed device name: Ventilado to Ventiladoe
mié. sep. 15 19:12:58 2021: Changed device name: Ventiladoe to Ventilado
mié. sep. 15 19:12:59 2021: Changed device name: Ventilado to Ventilador
mié. sep. 15 19:13:14 2021: Changed device name: IoT2 to V
mié. sep. 15 19:13:14 2021: Changed device name: V to Ve
mié. sep. 15 19:13:14 2021: Changed device name: Ve to Ven
mié. sep. 15 19:13:15 2021: Changed device name: Ven to Vent
mié. sep. 15 19:13:15 2021: Changed device name: Vent to Venta
mié. sep. 15 19:13:16 2021: Changed device name: Venta to Ventaj
mié. sep. 15 19:13:16 2021: Changed device name: Ventaj to Ventaja
mié. sep. 15 19:13:16 2021: Changed device name: Ventaja to Ventaj
mié. sep. 15 19:13:16 2021: Changed device name: Ventaj to Venta
mié. sep. 15 19:13:16 2021: Changed device name: Venta to Ventan
mié. sep. 15 19:13:17 2021: Changed device name: Ventan to Ventana
mié. sep. 15 19:13:47 2021: Changed device name: IoT8 to l
mié. sep. 15 19:13:47 2021: Changed device name: l to la
mié. sep. 15 19:13:47 2021: Changed device name: la to lap
mié. sep. 15 19:13:47 2021: Changed device name: lap to lapa
mié. sep. 15 19:13:48 2021: Changed device name: lapa to lap
mié. sep. 15 19:13:48 2021: Changed device name: lap to la
mié. sep. 15 19:13:49 2021: Changed device name: la to l
mié. sep. 15 19:13:49 2021: Changed device name: l to L
mié. sep. 15 19:13:49 2021: Changed device name: L to La
mié. sep. 15 19:13:50 2021: Changed device name: La to Lam
mié. sep. 15 19:13:51 2021: Changed device name: Lam to Lamp
mié. sep. 15 19:13:51 2021: Changed device name: Lamp to Lampa
mié. sep. 15 19:13:52 2021: Changed device name: Lampa to Lampar
mié. sep. 15 19:13:52 2021: Changed device name: Lampar to Lampara
mié. sep. 15 19:13:54 2021: Changed device name: Lampara to LamparaI
mié. sep. 15 19:13:54 2021: Changed device name: LamparaI to LamparaIz
mié. sep. 15 19:13:54 2021: Changed device name: LamparaIz to LamparaIzq
mié. sep. 15 19:13:55 2021: Changed device name: LamparaIzq to LamparaIzqu
mié. sep. 15 19:13:55 2021: Changed device name: LamparaIzqu to LamparaIzqui
mié. sep. 15 19:13:55 2021: Changed device name: LamparaIzqui to LamparaIzquie
mié. sep. 15 19:13:55 2021: Changed device name: LamparaIzquie to LamparaIzquier
mié. sep. 15 19:13:55 2021: Changed device name: LamparaIzquier to LamparaIzquierd
mié. sep. 15 19:13:55 2021: Changed device name: LamparaIzquierd to LamparaIzquierda
mié. sep. 15 19:14:04 2021: Changed device name: LamparaIzquierda to LamparaIzquierd
mié. sep. 15 19:14:04 2021: Changed device name: LamparaIzquierd to LamparaIzquier
mié. sep. 15 19:14:05 2021: Changed device name: LamparaIzquier to LamparaIzquie
mié. sep. 15 19:14:05 2021: Changed device name: LamparaIzquie to LamparaIzqui
mié. sep. 15 19:14:05 2021: Changed device name: LamparaIzqui to LamparaIzqu
mié. sep. 15 19:14:05 2021: Changed device name: LamparaIzqu to LamparaIzq
mié. sep. 15 19:14:05 2021: Changed device name: LamparaIzq to LamparaIz
mié. sep. 15 19:14:05 2021: Changed device name: LamparaIz to LamparaI
mié. sep. 15 19:14:06 2021: Changed device name: LamparaI to Lampara
mié. sep. 15 19:14:06 2021: Changed device name: Lampara to Lampara_
mié. sep. 15 19:14:07 2021: Changed device name: Lampara_ to Lampara_D
mié. sep. 15 19:14:07 2021: Changed device name: Lampara_D to Lampara_De
mié. sep. 15 19:14:07 2021: Changed device name: Lampara_De to Lampara_Der
mié. sep. 15 19:14:07 2021: Changed device name: Lampara_Der to Lampara_Dere
mié. sep. 15 19:14:08 2021: Changed device name: Lampara_Dere to Lampara_Derec
mié. sep. 15 19:14:08 2021: Changed device name: Lampara_Derec to Lampara_Derech
mié. sep. 15 19:14:08 2021: Changed device name: Lampara_Derech to Lampara_Derecha
mié. sep. 15 19:14:13 2021: Changed device name: IoT1 to IoT
mié. sep. 15 19:14:14 2021: Changed device name: IoT to Io
mié. sep. 15 19:14:14 2021: Changed device name: Io to I
mié. sep. 15 19:14:14 2021: Changed device name: I to L
mié. sep. 15 19:14:14 2021: Changed device name: L to La
mié. sep. 15 19:14:14 2021: Changed device name: La to Lam
mié. sep. 15 19:14:15 2021: Changed device name: Lam to Lamp
mié. sep. 15 19:14:15 2021: Changed device name: Lamp to Lampa
mié. sep. 15 19:14:15 2021: Changed device name: Lampa to Lampar
mié. sep. 15 19:14:15 2021: Changed device name: Lampar to Lampara
mié. sep. 15 19:14:16 2021: Changed device name: Lampara to Lampara:
mié. sep. 15 19:14:16 2021: Changed device name: Lampara: to Lampara
mié. sep. 15 19:14:17 2021: Changed device name: Lampara to Lampara_
mié. sep. 15 19:14:17 2021: Changed device name: Lampara_ to Lampara_I
mié. sep. 15 19:14:18 2021: Changed device name: Lampara_I to Lampara_Iz
mié. sep. 15 19:14:18 2021: Changed device name: Lampara_Iz to Lampara_Izq
mié. sep. 15 19:14:19 2021: Changed device name: Lampara_Izq to Lampara_Izqu
mié. sep. 15 19:14:19 2021: Changed device name: Lampara_Izqu to Lampara_Izqui
mié. sep. 15 19:14:19 2021: Changed device name: Lampara_Izqui to Lampara_Izquie
mié. sep. 15 19:14:20 2021: Changed device name: Lampara_Izquie to Lampara_Izquier
mié. sep. 15 19:17:40 2021: Changed device name:  to Smartphone0
mié. sep. 15 19:17:40 2021: Created device: Smartphone0 model: SMARTPHONE-PT
mié. sep. 15 19:19:30 2021: Link created: Smartphone0 Wireless0 to Home Gateway1 Wireless, 8109
mié. sep. 15 19:20:10 2021: c:\users\cisco\jenkins\workspace\m_sgme_pt80_win64_cae\gui\deviceconfig\workstation\workstationwebview.cpp(50):INFO  - CWwvUrlInterceptor() - called
mié. sep. 15 19:27:46 2021: Changed device name:  to Laptop0
mié. sep. 15 19:27:46 2021: Created device: Laptop0 model: Laptop-PT
mié. sep. 15 19:30:33 2021: Link created: Laptop0 Bluetooth to Home Gateway1 Wireless, 8109
mié. sep. 15 19:31:06 2021: c:\users\cisco\jenkins\workspace\m_sgme_pt80_win64_cae\gui\deviceconfig\workstation\workstationwebview.cpp(50):INFO  - CWwvUrlInterceptor() - called
mié. sep. 15 19:31:24 2021: Changed device name: Laptop0 to Laptop
mié. sep. 15 19:31:25 2021: Changed device name: Laptop to Lapto
mié. sep. 15 19:31:25 2021: Changed device name: Lapto to Lapt
mié. sep. 15 19:31:25 2021: Changed device name: Lapt to Lap
mié. sep. 15 19:31:25 2021: Changed device name: Lap to La
mié. sep. 15 19:31:25 2021: Changed device name: La to L
mié. sep. 15 19:31:28 2021: Changed device name: L to h
mié. sep. 15 19:31:28 2021: Changed device name: h to ho
mié. sep. 15 19:31:34 2021: Changed device name: ho to h
mié. sep. 15 19:31:40 2021: Changed device name: h to L
mié. sep. 15 19:31:41 2021: Changed device name: L to La
mié. sep. 15 19:31:41 2021: Changed device name: La to Lap
mié. sep. 15 19:31:41 2021: Changed device name: Lap to Lapm
mié. sep. 15 19:31:42 2021: Changed device name: Lapm to Lap
mié. sep. 15 19:31:42 2021: Changed device name: Lap to La
mié. sep. 15 19:31:43 2021: Changed device name: La to Lap
mié. sep. 15 19:31:43 2021: Changed device name: Lap to Lapt
mié. sep. 15 19:31:43 2021: Changed device name: Lapt to Lapto
mié. sep. 15 19:31:44 2021: Changed device name: Lapto to Laptop
mié. sep. 15 19:32:15 2021: Changed device name:  to IoT9
mié. sep. 15 19:32:15 2021: Created device: IoT9 model: Door
mié. sep. 15 19:32:18 2021: Link created: IoT9 Wireless0 to Home Gateway1 Wireless, 8109
mié. sep. 15 19:32:51 2021: c:\users\cisco\jenkins\workspace\m_sgme_pt80_win64_cae\gui\deviceconfig\workstation\workstationwebview.cpp(50):INFO  - CWwvUrlInterceptor() - called
mié. sep. 15 19:33:28 2021: Changed device name: IoT9 to IoT
mié. sep. 15 19:33:28 2021: Changed device name: IoT to Io
mié. sep. 15 19:33:28 2021: Changed device name: Io to I
mié. sep. 15 19:33:30 2021: Changed device name: I to P
mié. sep. 15 19:33:30 2021: Changed device name: P to Pu
mié. sep. 15 19:33:31 2021: Changed device name: Pu to Pue
mié. sep. 15 19:33:31 2021: Changed device name: Pue to Puer
mié. sep. 15 19:33:31 2021: Changed device name: Puer to Puert
mié. sep. 15 19:33:32 2021: Changed device name: Puert to Puerta
mié. sep. 15 19:34:38 2021: Link created: Puerta Wireless0 to Home Gateway1 Wireless, 8109
mié. sep. 15 19:36:37 2021: c:\users\cisco\jenkins\workspace\m_sgme_pt80_win64_cae\gui\deviceconfig\workstation\workstationwebview.cpp(50):INFO  - CWwvUrlInterceptor() - called
mié. sep. 15 19:36:56 2021: c:\users\cisco\jenkins\workspace\m_sgme_pt80_win64_cae\gui\deviceconfig\workstation\workstationwebview.cpp(50):INFO  - CWwvUrlInterceptor() - called
mié. sep. 15 19:37:23 2021: Removed device: Puerta
mié. sep. 15 19:37:27 2021: Changed device name:  to IoT10
mié. sep. 15 19:37:27 2021: Created device: IoT10 model: Door
mié. sep. 15 19:37:30 2021: Link created: IoT10 Wireless0 to Home Gateway1 Wireless, 8109
mié. sep. 15 19:37:41 2021: c:\users\cisco\jenkins\workspace\m_sgme_pt80_win64_cae\gui\deviceconfig\workstation\workstationwebview.cpp(50):INFO  - CWwvUrlInterceptor() - called
mié. sep. 15 19:38:16 2021: c:\users\cisco\jenkins\workspace\m_sgme_pt80_win64_cae\gui\deviceconfig\workstation\workstationwebview.cpp(50):INFO  - CWwvUrlInterceptor() - called
mié. sep. 15 19:44:54 2021: Changed device name: IoT10 to IoT1
mié. sep. 15 19:44:54 2021: Changed device name: IoT1 to IoT
mié. sep. 15 19:44:54 2021: Changed device name: IoT to Io
mié. sep. 15 19:44:54 2021: Changed device name: Io to I
mié. sep. 15 19:44:56 2021: Changed device name: I to P
mié. sep. 15 19:44:57 2021: Changed device name: P to Pu
mié. sep. 15 19:44:57 2021: Changed device name: Pu to Pue
mié. sep. 15 19:44:57 2021: Changed device name: Pue to Puer
mié. sep. 15 19:44:57 2021: Changed device name: Puer to Puert
mié. sep. 15 19:44:58 2021: Changed device name: Puert to Puerta
mié. sep. 15 19:45:10 2021: c:\users\cisco\jenkins\workspace\m_sgme_pt80_win64_cae\gui\deviceconfig\workstation\workstationwebview.cpp(50):INFO  - CWwvUrlInterceptor() - called
mié. sep. 15 20:02:20 2021: Changed device name:  to IoT11
mié. sep. 15 20:02:20 2021: Created device: IoT11 model: Webcam
mié. sep. 15 20:02:23 2021: Link created: IoT11 Wireless0 to Home Gateway1 Wireless, 8109
mié. sep. 15 20:07:42 2021: Changed device name:  to IoT12
mié. sep. 15 20:07:42 2021: Created device: IoT12 model: Window
mié. sep. 15 20:07:47 2021: Link created: IoT12 Wireless0 to Home Gateway1 Wireless, 8109
mié. sep. 15 20:07:54 2021: Changed device name: IoT12 to IoT1
mié. sep. 15 20:07:54 2021: Changed device name: IoT1 to IoT
mié. sep. 15 20:07:54 2021: Changed device name: IoT to Io
mié. sep. 15 20:07:54 2021: Changed device name: Io to I
mié. sep. 15 20:07:55 2021: Changed device name: I to V
mié. sep. 15 20:07:55 2021: Changed device name: V to Ve
mié. sep. 15 20:07:56 2021: Changed device name: Ve to Ven
mié. sep. 15 20:07:56 2021: Changed device name: Ven to Vent
mié. sep. 15 20:07:56 2021: Changed device name: Vent to Venta
mié. sep. 15 20:07:57 2021: Changed device name: Venta to Ventan
mié. sep. 15 20:07:58 2021: Changed device name: Ventan to Ventana2
mié. sep. 15 20:08:36 2021: Changed device name:  to IoT13
mié. sep. 15 20:08:36 2021: Created device: IoT13 model: Garage Door
mié. sep. 15 20:08:40 2021: Link created: IoT13 Wireless0 to Home Gateway1 Wireless, 8109
mié. sep. 15 20:08:52 2021: Changed device name:  to TV0
mié. sep. 15 20:08:52 2021: Created device: TV0 model: TV-PT
mié. sep. 15 20:09:03 2021: Removed device: TV0
mié. sep. 15 20:09:28 2021: Changed device name:  to IoT14
mié. sep. 15 20:09:29 2021: Created device: IoT14 model: Home Speaker
mié. sep. 15 20:09:32 2021: Link created: IoT14 Wireless0 to Home Gateway1 Wireless, 8109
mié. sep. 15 20:09:40 2021: Changed device name: IoT14 to IoT14¡
mié. sep. 15 20:09:41 2021: Changed device name: IoT14¡ to IoT14
mié. sep. 15 20:09:41 2021: Changed device name: IoT14 to IoT1
mié. sep. 15 20:09:41 2021: Changed device name: IoT1 to IoT
mié. sep. 15 20:09:41 2021: Changed device name: IoT to Io
mié. sep. 15 20:09:42 2021: Changed device name: Io to I
mié. sep. 15 20:09:43 2021: Changed device name: I to R
mié. sep. 15 20:09:43 2021: Changed device name: R to Ra
mié. sep. 15 20:09:43 2021: Changed device name: Ra to Rad
mié. sep. 15 20:09:43 2021: Changed device name: Rad to Radi
mié. sep. 15 20:09:43 2021: Changed device name: Radi to Radio
mié. sep. 15 20:10:01 2021: Changed device name: IoT13 to IoT1
mié. sep. 15 20:10:01 2021: Changed device name: IoT1 to IoT
mié. sep. 15 20:10:01 2021: Changed device name: IoT to Io
mié. sep. 15 20:10:01 2021: Changed device name: Io to I
mié. sep. 15 20:10:03 2021: Changed device name: I to G
mié. sep. 15 20:10:03 2021: Changed device name: G to GA
mié. sep. 15 20:10:03 2021: Changed device name: GA to GAR
mié. sep. 15 20:10:03 2021: Changed device name: GAR to GA
mié. sep. 15 20:10:04 2021: Changed device name: GA to G
mié. sep. 15 20:10:04 2021: Changed device name: G to Ga
mié. sep. 15 20:10:04 2021: Changed device name: Ga to Gar
mié. sep. 15 20:10:05 2021: Changed device name: Gar to Gara
mié. sep. 15 20:10:05 2021: Changed device name: Gara to Garag
mié. sep. 15 20:10:05 2021: Changed device name: Garag to Garage
mié. sep. 15 20:10:32 2021: c:\users\cisco\jenkins\workspace\m_sgme_pt80_win64_cae\gui\deviceconfig\workstation\workstationwebview.cpp(50):INFO  - CWwvUrlInterceptor() - called
mié. sep. 15 20:12:30 2021: Changed device name:  to IoT15
mié. sep. 15 20:12:30 2021: Created device: IoT15 model: Appliance
mié. sep. 15 20:12:42 2021: Link created: IoT15 Wireless0 to Home Gateway1 Wireless, 8109
mié. sep. 15 20:12:42 2021: Changed device name: IoT15 to IoT1
mié. sep. 15 20:12:42 2021: Changed device name: IoT1 to IoT
mié. sep. 15 20:12:43 2021: Changed device name: IoT to Io
mié. sep. 15 20:12:43 2021: Changed device name: Io to I
mié. sep. 15 20:12:44 2021: Changed device name: I to C
mié. sep. 15 20:12:44 2021: Changed device name: C to Ca
mié. sep. 15 20:12:44 2021: Changed device name: Ca to Caf
mié. sep. 15 20:12:44 2021: Changed device name: Caf to Cafe
mié. sep. 15 20:12:45 2021: Changed device name: Cafe to Cafet
mié. sep. 15 20:12:45 2021: Changed device name: Cafet to Cafete
mié. sep. 15 20:12:45 2021: Changed device name: Cafete to Cafeter
mié. sep. 15 20:12:45 2021: Changed device name: Cafeter to Cafetera
mié. sep. 15 20:13:18 2021: Changed device name: IoT11 to IoT1
mié. sep. 15 20:13:19 2021: Changed device name: IoT1 to IoT
mié. sep. 15 20:13:19 2021: Changed device name: IoT to Io
mié. sep. 15 20:13:19 2021: Changed device name: Io to I
mié. sep. 15 20:13:20 2021: Changed device name: I to W
mié. sep. 15 20:13:21 2021: Changed device name: W to We
mié. sep. 15 20:13:21 2021: Changed device name: We to Web
mié. sep. 15 20:13:22 2021: Changed device name: Web to WebC
mié. sep. 15 20:13:22 2021: Changed device name: WebC to WebCa
mié. sep. 15 20:13:22 2021: Changed device name: WebCa to WebCam
mié. sep. 15 20:13:49 2021: Changed device name:  to IoT16
mié. sep. 15 20:13:50 2021: Created device: IoT16 model: Door
mié. sep. 15 20:13:54 2021: Link created: IoT16 Wireless0 to Home Gateway1 Wireless, 8109
mié. sep. 15 20:14:05 2021: Changed device name: IoT16 to IoT1
mié. sep. 15 20:14:05 2021: Changed device name: IoT1 to IoT
mié. sep. 15 20:14:05 2021: Changed device name: IoT to Io
mié. sep. 15 20:14:05 2021: Changed device name: Io to I
mié. sep. 15 20:14:07 2021: Changed device name: I to D
mié. sep. 15 20:14:08 2021: Changed device name: D to Do
mié. sep. 15 20:14:08 2021: Changed device name: Do to D
mié. sep. 15 20:14:10 2021: Changed device name: D to p
mié. sep. 15 20:14:10 2021: Changed device name: p to pu
mié. sep. 15 20:14:11 2021: Changed device name: pu to p
mié. sep. 15 20:14:11 2021: Changed device name: p to O
mié. sep. 15 20:14:12 2021: Changed device name: O to P
mié. sep. 15 20:14:13 2021: Changed device name: P to Pu
mié. sep. 15 20:14:13 2021: Changed device name: Pu to Pue
mié. sep. 15 20:14:13 2021: Changed device name: Pue to Puer
mié. sep. 15 20:14:13 2021: Changed device name: Puer to Puert
mié. sep. 15 20:14:14 2021: Changed device name: Puert to PuertaC
mié. sep. 15 20:14:53 2021: Changed device name:  to IoT17
mié. sep. 15 20:14:53 2021: Created device: IoT17 model: Door
mié. sep. 15 20:15:05 2021: Link created: IoT17 Wireless0 to Home Gateway1 Wireless, 8109
mié. sep. 15 20:15:07 2021: Changed device name: IoT17 to IoT1
mié. sep. 15 20:15:08 2021: Changed device name: IoT1 to IoT
mié. sep. 15 20:15:08 2021: Changed device name: IoT to Io
mié. sep. 15 20:15:08 2021: Changed device name: Io to I
mié. sep. 15 20:15:09 2021: Changed device name: I to P
mié. sep. 15 20:15:09 2021: Changed device name: P to Pu
mié. sep. 15 20:15:09 2021: Changed device name: Pu to Pue
mié. sep. 15 20:15:09 2021: Changed device name: Pue to Puer
mié. sep. 15 20:15:10 2021: Changed device name: Puer to Puert
mié. sep. 15 20:15:10 2021: Changed device name: Puert to PuertaD
mié. sep. 15 21:03:41 2021: Script Module stopping: File
mié. sep. 15 21:03:42 2021: Exiting
mié. sep. 15 21:03:42 2021: Saving options...
mié. sep. 15 21:03:42 2021: Options saved.
mié. sep. 15 21:03:42 2021: Script Module stopping: net.netacad.cisco.resource
mié. sep. 15 21:03:43 2021: Script Module stopping: net.netacad.cisco.PTINTERNAL
mié. sep. 15 21:03:43 2021: Script Module stopping: net.netacad.cisco.PcSoftware
mié. sep. 15 21:03:43 2021: Script Module stopping: net.netacad.cisco.Marvel
mié. sep. 15 21:03:43 2021: Script Module stopping: net.netacad.cisco.clearTerminalAgent
mié. sep. 15 21:03:43 2021: Script Module stopping: net.netacad.cisco.ActivitySequencer
mié. sep. 15 21:03:43 2021: Script Module stopping: net.netacad.cisco.ActivitySequenceEditor
mié. sep. 15 21:03:45 2021: ExApp disconnecting: net.netacad.cisco.ptseplayer
mié. sep. 15 21:03:45 2021: CPtmpServer stopped.
mié. sep. 15 21:03:45 2021: CPtmpServer stopped.
