vie. sep. 17 11:12:57 2021: Starting Cisco Packet Tracer 8.0.0.0212
vie. sep. 17 11:12:57 2021: c:\users\cisco\jenkins\workspace\m_sgme_pt80_win64_cae\engine\ipc\ccep.cpp(349):WARN  - Forced an exapp to be MANDATORY at run-time.
vie. sep. 17 11:12:57 2021: c:\users\cisco\jenkins\workspace\m_sgme_pt80_win64_cae\engine\ipc\ccep.cpp(349):WARN  - Forced an exapp to be MANDATORY at run-time.
vie. sep. 17 11:13:07 2021: Script Module starting: 
vie. sep. 17 11:13:11 2021: CPtmpServer started at port 39001
vie. sep. 17 11:13:12 2021: Script Module starting: net.netacad.cisco.ActivitySequenceEditor
vie. sep. 17 11:13:12 2021: Script Module starting: net.netacad.cisco.ActivitySequencer
vie. sep. 17 11:13:12 2021: Script Module starting: net.netacad.cisco.clearTerminalAgent
vie. sep. 17 11:13:12 2021: Script Module starting: net.netacad.cisco.Marvel
vie. sep. 17 11:13:12 2021: Script Module starting: net.netacad.cisco.PcSoftware
vie. sep. 17 11:13:12 2021: Script Module starting: net.netacad.cisco.PTINTERNAL
vie. sep. 17 11:13:12 2021: Script Module starting: net.netacad.cisco.resource
vie. sep. 17 11:13:12 2021: c:\users\cisco\jenkins\workspace\m_sgme_pt80_win64_cae\engine\ipc\ccep.cpp(349):WARN  - Forced an exapp to be MANDATORY at run-time.
vie. sep. 17 11:13:13 2021: CPtmpServer started at port 38000
vie. sep. 17 11:16:28 2021: Changed device name:  to IoT0
vie. sep. 17 11:16:28 2021: Created device: IoT0 model: Appliance
vie. sep. 17 11:16:37 2021: Changed device name:  to Home Gateway0
vie. sep. 17 11:16:38 2021: Created device: Home Gateway0 model: DLC100
vie. sep. 17 11:16:41 2021: Link created: IoT0 Wireless0 to Home Gateway0 Wireless, 8109
vie. sep. 17 11:44:38 2021: Removed device: Home Gateway0
vie. sep. 17 11:44:38 2021: c:\users\cisco\jenkins\workspace\m_sgme_pt80_win64_cae\gui\common\cursorbank.cpp(52):INFO  - Cursor: ../art/Cursors/cOpenHand.png, Offset: 0 x 0, Size: 32 x 32, DPR: 1
vie. sep. 17 11:44:39 2021: c:\users\cisco\jenkins\workspace\m_sgme_pt80_win64_cae\gui\common\cursorbank.cpp(52):INFO  - Cursor: ../art/Cursors/cClosedHand.png, Offset: 0 x 0, Size: 32 x 32, DPR: 1
vie. sep. 17 11:44:39 2021: c:\users\cisco\jenkins\workspace\m_sgme_pt80_win64_cae\gui\common\cursorbank.cpp(52):INFO  - Cursor: ../art/Cursors/cConnect.svg, Offset: 10 x 10, Size: 32 x 32, DPR: 1
vie. sep. 17 11:44:39 2021: c:\users\cisco\jenkins\workspace\m_sgme_pt80_win64_cae\gui\common\cursorbank.cpp(52):INFO  - Cursor: ../art/Cursors/cTargetX.svg, Offset: 16 x 16, Size: 32 x 32, DPR: 1
vie. sep. 17 11:44:39 2021: c:\users\cisco\jenkins\workspace\m_sgme_pt80_win64_cae\gui\common\cursorbank.cpp(52):INFO  - Cursor: ../art/Cursors/cAddDevice.svg, Offset: 16 x 16, Size: 32 x 32, DPR: 1
vie. sep. 17 11:44:39 2021: c:\users\cisco\jenkins\workspace\m_sgme_pt80_win64_cae\gui\common\cursorbank.cpp(52):INFO  - Cursor: ../art/Cursors/cInspect.svg, Offset: 16 x 16, Size: 32 x 32, DPR: 1
vie. sep. 17 11:44:39 2021: c:\users\cisco\jenkins\workspace\m_sgme_pt80_win64_cae\gui\common\cursorbank.cpp(52):INFO  - Cursor: ../art/Cursors/cAddPacket.svg, Offset: 10 x 10, Size: 32 x 32, DPR: 1
vie. sep. 17 11:44:39 2021: c:\users\cisco\jenkins\workspace\m_sgme_pt80_win64_cae\gui\common\cursorbank.cpp(52):INFO  - Cursor: ../art/Cursors/cResize.svg, Offset: 16 x 16, Size: 32 x 32, DPR: 1
vie. sep. 17 11:44:39 2021: c:\users\cisco\jenkins\workspace\m_sgme_pt80_win64_cae\gui\common\cursorbank.cpp(52):INFO  - Cursor: ../art/Cursors/cPencil.svg, Offset: 16 x 16, Size: 32 x 32, DPR: 1
vie. sep. 17 11:44:39 2021: c:\users\cisco\jenkins\workspace\m_sgme_pt80_win64_cae\gui\common\cursorbank.cpp(52):INFO  - Cursor: ../art/Cursors/cDrawingcross.svg, Offset: 16 x 16, Size: 32 x 32, DPR: 1
vie. sep. 17 11:44:42 2021: Removed device: IoT0
vie. sep. 17 11:44:48 2021: Changed device name:  to Laptop0
vie. sep. 17 11:44:48 2021: Created device: Laptop0 model: Laptop-PT
vie. sep. 17 12:07:34 2021: Removed device: Laptop0
vie. sep. 17 13:09:31 2021: Changed device name:  to Smartphone0
vie. sep. 17 13:09:31 2021: Created device: Smartphone0 model: SMARTPHONE-PT
vie. sep. 17 13:09:38 2021: Changed device name:  to Home Gateway1
vie. sep. 17 13:09:39 2021: Created device: Home Gateway1 model: DLC100
vie. sep. 17 13:11:06 2021: Link created: Smartphone0 Wireless0 to Home Gateway1 Wireless, 8109
vie. sep. 17 13:11:20 2021: Changed device name:  to Laptop1
vie. sep. 17 13:11:20 2021: Created device: Laptop1 model: Laptop-PT
vie. sep. 17 13:11:49 2021: Link created: Laptop1 Bluetooth to Home Gateway1 Wireless, 8109
vie. sep. 17 13:21:49 2021: Script Module stopping: File
vie. sep. 17 13:21:52 2021: Exiting
vie. sep. 17 13:21:52 2021: Saving options...
vie. sep. 17 13:21:53 2021: Options saved.
vie. sep. 17 13:21:59 2021: Script Module stopping: net.netacad.cisco.resource
vie. sep. 17 13:22:00 2021: Script Module stopping: net.netacad.cisco.PTINTERNAL
vie. sep. 17 13:22:02 2021: Script Module stopping: net.netacad.cisco.PcSoftware
vie. sep. 17 13:22:02 2021: Script Module stopping: net.netacad.cisco.Marvel
vie. sep. 17 13:22:02 2021: Script Module stopping: net.netacad.cisco.clearTerminalAgent
vie. sep. 17 13:22:02 2021: Script Module stopping: net.netacad.cisco.ActivitySequencer
vie. sep. 17 13:22:02 2021: Script Module stopping: net.netacad.cisco.ActivitySequenceEditor
vie. sep. 17 13:22:08 2021: ExApp disconnecting: net.netacad.cisco.ptseplayer
vie. sep. 17 13:22:08 2021: CPtmpServer stopped.
vie. sep. 17 13:22:08 2021: CPtmpServer stopped.
