jue. sep. 16 22:42:45 2021: Starting Cisco Packet Tracer 8.0.0.0212
jue. sep. 16 22:42:46 2021: c:\users\cisco\jenkins\workspace\m_sgme_pt80_win64_cae\engine\ipc\ccep.cpp(349):WARN  - Forced an exapp to be MANDATORY at run-time.
jue. sep. 16 22:42:46 2021: c:\users\cisco\jenkins\workspace\m_sgme_pt80_win64_cae\engine\ipc\ccep.cpp(349):WARN  - Forced an exapp to be MANDATORY at run-time.
jue. sep. 16 22:43:10 2021: Script Module starting: 
jue. sep. 16 22:43:17 2021: CPtmpServer started at port 39000
jue. sep. 16 22:43:17 2021: Script Module starting: net.netacad.cisco.ActivitySequenceEditor
jue. sep. 16 22:43:17 2021: Script Module starting: net.netacad.cisco.ActivitySequencer
jue. sep. 16 22:43:17 2021: Script Module starting: net.netacad.cisco.clearTerminalAgent
jue. sep. 16 22:43:18 2021: Script Module starting: net.netacad.cisco.Marvel
jue. sep. 16 22:43:18 2021: Script Module starting: net.netacad.cisco.PcSoftware
jue. sep. 16 22:43:18 2021: Script Module starting: net.netacad.cisco.PTINTERNAL
jue. sep. 16 22:43:18 2021: Script Module starting: net.netacad.cisco.resource
jue. sep. 16 22:43:18 2021: c:\users\cisco\jenkins\workspace\m_sgme_pt80_win64_cae\engine\ipc\ccep.cpp(349):WARN  - Forced an exapp to be MANDATORY at run-time.
jue. sep. 16 22:43:24 2021: CPtmpServer started at port 38000
jue. sep. 16 22:45:49 2021: Saving options...
jue. sep. 16 22:45:49 2021: Options saved.
jue. sep. 16 22:52:42 2021: c:\users\cisco\jenkins\workspace\m_sgme_pt80_win64_cae\gui\common\cursorbank.cpp(52):INFO  - Cursor: ../art/Cursors/cOpenHand.png, Offset: 0 x 0, Size: 32 x 32, DPR: 1
jue. sep. 16 22:52:42 2021: c:\users\cisco\jenkins\workspace\m_sgme_pt80_win64_cae\gui\common\cursorbank.cpp(52):INFO  - Cursor: ../art/Cursors/cClosedHand.png, Offset: 0 x 0, Size: 32 x 32, DPR: 1
jue. sep. 16 22:52:42 2021: c:\users\cisco\jenkins\workspace\m_sgme_pt80_win64_cae\gui\common\cursorbank.cpp(52):INFO  - Cursor: ../art/Cursors/cConnect.svg, Offset: 10 x 10, Size: 32 x 32, DPR: 1
jue. sep. 16 22:52:42 2021: c:\users\cisco\jenkins\workspace\m_sgme_pt80_win64_cae\gui\common\cursorbank.cpp(52):INFO  - Cursor: ../art/Cursors/cTargetX.svg, Offset: 16 x 16, Size: 32 x 32, DPR: 1
jue. sep. 16 22:52:42 2021: c:\users\cisco\jenkins\workspace\m_sgme_pt80_win64_cae\gui\common\cursorbank.cpp(52):INFO  - Cursor: ../art/Cursors/cAddDevice.svg, Offset: 16 x 16, Size: 32 x 32, DPR: 1
jue. sep. 16 22:52:42 2021: c:\users\cisco\jenkins\workspace\m_sgme_pt80_win64_cae\gui\common\cursorbank.cpp(52):INFO  - Cursor: ../art/Cursors/cInspect.svg, Offset: 16 x 16, Size: 32 x 32, DPR: 1
jue. sep. 16 22:52:42 2021: c:\users\cisco\jenkins\workspace\m_sgme_pt80_win64_cae\gui\common\cursorbank.cpp(52):INFO  - Cursor: ../art/Cursors/cAddPacket.svg, Offset: 10 x 10, Size: 32 x 32, DPR: 1
jue. sep. 16 22:52:42 2021: c:\users\cisco\jenkins\workspace\m_sgme_pt80_win64_cae\gui\common\cursorbank.cpp(52):INFO  - Cursor: ../art/Cursors/cResize.svg, Offset: 16 x 16, Size: 32 x 32, DPR: 1
jue. sep. 16 22:52:42 2021: c:\users\cisco\jenkins\workspace\m_sgme_pt80_win64_cae\gui\common\cursorbank.cpp(52):INFO  - Cursor: ../art/Cursors/cPencil.svg, Offset: 16 x 16, Size: 32 x 32, DPR: 1
jue. sep. 16 22:52:42 2021: c:\users\cisco\jenkins\workspace\m_sgme_pt80_win64_cae\gui\common\cursorbank.cpp(52):INFO  - Cursor: ../art/Cursors/cDrawingcross.svg, Offset: 16 x 16, Size: 32 x 32, DPR: 1
jue. sep. 16 22:52:48 2021: Changed device name:  to Home Gateway0
jue. sep. 16 22:52:48 2021: Created device: Home Gateway0 model: DLC100
jue. sep. 16 22:53:28 2021: Changed device name:  to IoT0
jue. sep. 16 22:53:28 2021: Created device: IoT0 model: Appliance
jue. sep. 16 22:53:31 2021: Link created: IoT0 Wireless0 to Home Gateway0 Wireless, 8109
jue. sep. 16 22:53:35 2021: Changed device name:  to IoT1
jue. sep. 16 22:53:36 2021: Created device: IoT1 model: Window
jue. sep. 16 22:53:39 2021: Link created: IoT1 Wireless0 to Home Gateway0 Wireless, 8109
jue. sep. 16 22:53:41 2021: Changed device name:  to IoT2
jue. sep. 16 22:53:41 2021: Created device: IoT2 model: Window
jue. sep. 16 22:53:45 2021: Link created: IoT2 Wireless0 to Home Gateway0 Wireless, 8109
jue. sep. 16 22:53:53 2021: Changed device name:  to IoT3
jue. sep. 16 22:53:53 2021: Created device: IoT3 model: Webcam
jue. sep. 16 22:53:56 2021: Link created: IoT3 Wireless0 to Home Gateway0 Wireless, 8109
jue. sep. 16 22:54:08 2021: Changed device name:  to IoT4
jue. sep. 16 22:54:09 2021: Created device: IoT4 model: Light
jue. sep. 16 22:54:11 2021: Changed device name:  to IoT5
jue. sep. 16 22:54:11 2021: Created device: IoT5 model: Light
jue. sep. 16 22:54:13 2021: Link created: IoT4 Wireless0 to Home Gateway0 Wireless, 8109
jue. sep. 16 22:54:15 2021: Link created: IoT5 Wireless0 to Home Gateway0 Wireless, 8109
jue. sep. 16 22:54:34 2021: Changed device name:  to Smartphone0
jue. sep. 16 22:54:34 2021: Created device: Smartphone0 model: SMARTPHONE-PT
jue. sep. 16 22:54:47 2021: Changed device name:  to Laptop0
jue. sep. 16 22:54:47 2021: Created device: Laptop0 model: Laptop-PT
jue. sep. 16 22:55:10 2021: Changed device name: IoT0 to IoT
jue. sep. 16 22:55:10 2021: Changed device name: IoT to Io
jue. sep. 16 22:55:10 2021: Changed device name: Io to I
jue. sep. 16 22:55:11 2021: Changed device name: I to C
jue. sep. 16 22:55:12 2021: Changed device name: C to Ca
jue. sep. 16 22:55:12 2021: Changed device name: Ca to Caf
jue. sep. 16 22:55:12 2021: Changed device name: Caf to Cafe
jue. sep. 16 22:55:15 2021: Changed device name: Cafe to Cafet
jue. sep. 16 22:55:15 2021: Changed device name: Cafet to Cafete
jue. sep. 16 22:55:15 2021: Changed device name: Cafete to Cafeter
jue. sep. 16 22:55:16 2021: Changed device name: Cafeter to Cafetera
jue. sep. 16 22:55:53 2021: Changed device name: IoT1 to V
jue. sep. 16 22:55:54 2021: Changed device name: V to Ve
jue. sep. 16 22:55:54 2021: Changed device name: Ve to Ven
jue. sep. 16 22:55:54 2021: Changed device name: Ven to Vent
jue. sep. 16 22:55:54 2021: Changed device name: Vent to Venta
jue. sep. 16 22:55:55 2021: Changed device name: Venta to Ventan
jue. sep. 16 22:55:55 2021: Changed device name: Ventan to Ventana
jue. sep. 16 22:55:56 2021: Changed device name: Ventana to Ventana1
jue. sep. 16 22:56:28 2021: Changed device name: IoT2 to V
jue. sep. 16 22:56:28 2021: Changed device name: V to Ve
jue. sep. 16 22:56:29 2021: Changed device name: Ve to Ven
jue. sep. 16 22:56:29 2021: Changed device name: Ven to Vent
jue. sep. 16 22:56:29 2021: Changed device name: Vent to Venta
jue. sep. 16 22:56:30 2021: Changed device name: Venta to Ventan
jue. sep. 16 22:56:30 2021: Changed device name: Ventan to Ventana
jue. sep. 16 22:56:31 2021: Changed device name: Ventana to Ventana2
jue. sep. 16 22:56:52 2021: Changed device name: IoT4 to IoT
jue. sep. 16 22:56:52 2021: Changed device name: IoT to Io
jue. sep. 16 22:56:52 2021: Changed device name: Io to I
jue. sep. 16 22:56:53 2021: Changed device name: I to L
jue. sep. 16 22:56:54 2021: Changed device name: L to Lm
jue. sep. 16 22:56:54 2021: Changed device name: Lm to Lma
jue. sep. 16 22:56:54 2021: Changed device name: Lma to Lm
jue. sep. 16 22:56:55 2021: Changed device name: Lm to L
jue. sep. 16 22:56:55 2021: Changed device name: L to La
jue. sep. 16 22:56:55 2021: Changed device name: La to Lam
jue. sep. 16 22:56:56 2021: Changed device name: Lam to Lamp
jue. sep. 16 22:56:56 2021: Changed device name: Lamp to Lampa
jue. sep. 16 22:56:56 2021: Changed device name: Lampa to Lampar
jue. sep. 16 22:56:57 2021: Changed device name: Lampar to Lampara
jue. sep. 16 22:56:59 2021: Changed device name: Lampara to LamparaI
jue. sep. 16 22:56:59 2021: Changed device name: LamparaI to LamparaIz
jue. sep. 16 22:56:59 2021: Changed device name: LamparaIz to LamparaIzq
jue. sep. 16 22:57:20 2021: Changed device name: IoT5 to IoT
jue. sep. 16 22:57:21 2021: Changed device name: IoT to Io
jue. sep. 16 22:57:21 2021: Changed device name: Io to I
jue. sep. 16 22:57:22 2021: Changed device name: I to L
jue. sep. 16 22:57:22 2021: Changed device name: L to La
jue. sep. 16 22:57:22 2021: Changed device name: La to Lap
jue. sep. 16 22:57:22 2021: Changed device name: Lap to Lapa
jue. sep. 16 22:57:22 2021: Changed device name: Lapa to Lapan
jue. sep. 16 22:57:23 2021: Changed device name: Lapan to Lapa
jue. sep. 16 22:57:23 2021: Changed device name: Lapa to Lap
jue. sep. 16 22:57:24 2021: Changed device name: Lap to La
jue. sep. 16 22:57:24 2021: Changed device name: La to Lam
jue. sep. 16 22:57:24 2021: Changed device name: Lam to Lama
jue. sep. 16 22:57:24 2021: Changed device name: Lama to Lamap
jue. sep. 16 22:57:25 2021: Changed device name: Lamap to Lamapa
jue. sep. 16 22:57:25 2021: Changed device name: Lamapa to Lamapar
jue. sep. 16 22:57:26 2021: Changed device name: Lamapar to Lamapara
jue. sep. 16 22:57:27 2021: Changed device name: Lamapara to Lamaparad
jue. sep. 16 22:57:27 2021: Changed device name: Lamaparad to Lamapara
jue. sep. 16 22:57:27 2021: Changed device name: Lamapara to LamaparaD
jue. sep. 16 22:57:28 2021: Changed device name: LamaparaD to LamaparaDr
jue. sep. 16 22:57:28 2021: Changed device name: LamaparaDr to LamaparaD
jue. sep. 16 22:57:28 2021: Changed device name: LamaparaD to LamaparaDe
jue. sep. 16 22:57:28 2021: Changed device name: LamaparaDe to LamaparaDer
jue. sep. 16 22:57:29 2021: Changed device name: LamaparaDer to LamaparaDere
jue. sep. 16 22:57:45 2021: Changed device name: IoT3 to IoT
jue. sep. 16 22:57:46 2021: Changed device name: IoT to Io
jue. sep. 16 22:57:46 2021: Changed device name: Io to I
jue. sep. 16 22:57:47 2021: Changed device name: I to W
jue. sep. 16 22:57:47 2021: Changed device name: W to We
jue. sep. 16 22:57:47 2021: Changed device name: We to Web
jue. sep. 16 22:57:48 2021: Changed device name: Web to Webc
jue. sep. 16 22:57:48 2021: Changed device name: Webc to Webca
jue. sep. 16 22:57:49 2021: Changed device name: Webca to Webcam
jue. sep. 16 22:57:49 2021: Changed device name: Webcam to Webca
jue. sep. 16 22:57:49 2021: Changed device name: Webca to Webc
jue. sep. 16 22:57:49 2021: Changed device name: Webc to Web
jue. sep. 16 22:57:50 2021: Changed device name: Web to WebC
jue. sep. 16 22:57:50 2021: Changed device name: WebC to WebCa
jue. sep. 16 22:57:50 2021: Changed device name: WebCa to WebCam
jue. sep. 16 23:00:41 2021: Saving to file: C:/Users/cesar/OneDrive/Documentos/Trabajo de Circuitos/Video.pkt
jue. sep. 16 23:00:42 2021: File saved successfully.
jue. sep. 16 23:00:42 2021: Saving options...
jue. sep. 16 23:00:42 2021: Options saved.
jue. sep. 16 23:00:50 2021: Saving to file: C:/Users/cesar/OneDrive/Documentos/Trabajo de Circuitos/Video.pkt
jue. sep. 16 23:00:51 2021: Saving options...
jue. sep. 16 23:00:51 2021: Options saved.
jue. sep. 16 23:00:51 2021: File saved successfully.
jue. sep. 16 23:00:51 2021: Saving options...
jue. sep. 16 23:00:51 2021: Options saved.
jue. sep. 16 23:00:51 2021: Opening file: C:\Users\cesar\OneDrive\Documentos\Trabajo de Circuitos\TrabajoExtra_CesarGarnica.pkt
jue. sep. 16 23:00:52 2021: Changed device name:  to Smartphone0
jue. sep. 16 23:00:52 2021: Changed device name:  to PuertaC
jue. sep. 16 23:00:52 2021: Changed device name:  to PuertaD
jue. sep. 16 23:00:52 2021: Changed device name:  to WebCam
jue. sep. 16 23:00:52 2021: Changed device name:  to Radio
jue. sep. 16 23:00:54 2021: Changed device name:  to Cafetera
jue. sep. 16 23:00:54 2021: Changed device name:  to Lampara_Izquier
jue. sep. 16 23:00:54 2021: Changed device name:  to Ventana
jue. sep. 16 23:00:54 2021: Changed device name:  to Lampara_Derecha
jue. sep. 16 23:00:54 2021: Changed device name:  to Ventilador
jue. sep. 16 23:00:54 2021: Changed device name:  to Puerta
jue. sep. 16 23:00:54 2021: Changed device name:  to Ventana2
jue. sep. 16 23:00:54 2021: Changed device name:  to Garage
jue. sep. 16 23:00:54 2021: Changed device name:  to Home Gateway1
jue. sep. 16 23:00:55 2021: Changed device name:  to Laptop
jue. sep. 16 23:00:55 2021: Script Module stopping: File
jue. sep. 16 23:00:55 2021: Script Module starting: File
jue. sep. 16 23:00:55 2021: File opened successfully.
jue. sep. 16 23:01:17 2021: Link created: Radio Wireless0 to Home Gateway1 Wireless, 8109
jue. sep. 16 23:01:18 2021: Link created: Ventana Wireless0 to Home Gateway1 Wireless, 8109
jue. sep. 16 23:01:18 2021: Link created: PuertaD Wireless0 to Home Gateway1 Wireless, 8109
jue. sep. 16 23:01:18 2021: Link created: Ventilador Wireless0 to Home Gateway1 Wireless, 8109
jue. sep. 16 23:01:20 2021: Link created: WebCam Wireless0 to Home Gateway1 Wireless, 8109
jue. sep. 16 23:01:20 2021: Link created: Ventana2 Wireless0 to Home Gateway1 Wireless, 8109
jue. sep. 16 23:01:21 2021: Link created: Smartphone0 Wireless0 to Home Gateway1 Wireless, 8109
jue. sep. 16 23:01:21 2021: Link created: Cafetera Wireless0 to Home Gateway1 Wireless, 8109
jue. sep. 16 23:01:21 2021: Link created: Lampara_Derecha Wireless0 to Home Gateway1 Wireless, 8109
jue. sep. 16 23:01:22 2021: Link created: Lampara_Izquier Wireless0 to Home Gateway1 Wireless, 8109
jue. sep. 16 23:01:22 2021: Link created: PuertaC Wireless0 to Home Gateway1 Wireless, 8109
jue. sep. 16 23:01:22 2021: Link created: Laptop Wireless0 to Home Gateway1 Wireless, 8109
jue. sep. 16 23:01:23 2021: Link created: Puerta Wireless0 to Home Gateway1 Wireless, 8109
jue. sep. 16 23:01:23 2021: Link created: Garage Wireless0 to Home Gateway1 Wireless, 8109
jue. sep. 16 23:03:17 2021: Saving to file: C:/Users/cesar/OneDrive/Documentos/Trabajo de Circuitos/TrabajoExtra_CesarGarnica.pkt
jue. sep. 16 23:03:18 2021: Saving options...
jue. sep. 16 23:03:18 2021: Options saved.
jue. sep. 16 23:03:18 2021: File saved successfully.
jue. sep. 16 23:03:23 2021: Script Module stopping: File
jue. sep. 16 23:03:23 2021: Exiting
jue. sep. 16 23:03:23 2021: Saving options...
jue. sep. 16 23:03:23 2021: Options saved.
jue. sep. 16 23:03:23 2021: Script Module stopping: net.netacad.cisco.resource
jue. sep. 16 23:03:23 2021: Script Module stopping: net.netacad.cisco.PTINTERNAL
jue. sep. 16 23:03:23 2021: Script Module stopping: net.netacad.cisco.PcSoftware
jue. sep. 16 23:03:23 2021: Script Module stopping: net.netacad.cisco.Marvel
jue. sep. 16 23:03:23 2021: Script Module stopping: net.netacad.cisco.clearTerminalAgent
jue. sep. 16 23:03:23 2021: Script Module stopping: net.netacad.cisco.ActivitySequencer
jue. sep. 16 23:03:23 2021: Script Module stopping: net.netacad.cisco.ActivitySequenceEditor
jue. sep. 16 23:03:24 2021: ExApp disconnecting: net.netacad.cisco.ptseplayer
jue. sep. 16 23:03:24 2021: CPtmpServer stopped.
jue. sep. 16 23:03:24 2021: CPtmpServer stopped.
