mar. sep. 14 11:13:33 2021: Starting Cisco Packet Tracer 8.0.0.0212
mar. sep. 14 11:13:33 2021: c:\users\cisco\jenkins\workspace\m_sgme_pt80_win64_cae\engine\ipc\ccep.cpp(349):WARN  - Forced an exapp to be MANDATORY at run-time.
mar. sep. 14 11:13:34 2021: c:\users\cisco\jenkins\workspace\m_sgme_pt80_win64_cae\engine\ipc\ccep.cpp(349):WARN  - Forced an exapp to be MANDATORY at run-time.
mar. sep. 14 11:13:50 2021: Script Module starting: 
mar. sep. 14 11:13:53 2021: Opening file: C:\Users\cesar\Downloads\Trabajo Extra_Garnica.pkt
mar. sep. 14 11:13:55 2021: Changed device name:  to Estudiantes
mar. sep. 14 11:13:56 2021: Changed device name:  to Power Distribution Device0
mar. sep. 14 11:13:56 2021: Changed device name:  to E1
mar. sep. 14 11:13:56 2021: Changed device name:  to E2
mar. sep. 14 11:13:56 2021: Changed device name:  to E3
mar. sep. 14 11:13:56 2021: Changed device name:  to E4
mar. sep. 14 11:13:56 2021: Changed device name:  to E5
mar. sep. 14 11:13:56 2021: Changed device name:  to Profesores
mar. sep. 14 11:13:56 2021: Changed device name:  to P1
mar. sep. 14 11:13:56 2021: Changed device name:  to P2
mar. sep. 14 11:13:56 2021: Changed device name:  to P3
mar. sep. 14 11:13:57 2021: Changed device name:  to A1
mar. sep. 14 11:13:57 2021: Changed device name:  to Admin
mar. sep. 14 11:13:57 2021: Changed device name:  to EstPrincipal
mar. sep. 14 11:13:57 2021: Changed device name:  to ProfPrincipal
mar. sep. 14 11:13:57 2021: Changed device name:  to ServPrincipal
mar. sep. 14 11:13:57 2021: Changed device name:  to Power Distribution Device1
mar. sep. 14 11:13:57 2021: Changed device name:  to Switch11
mar. sep. 14 11:13:57 2021: Changed device name:  to Server0
mar. sep. 14 11:13:57 2021: Changed device name:  to Server1
mar. sep. 14 11:13:57 2021: Changed device name:  to PC0
mar. sep. 14 11:13:57 2021: Changed device name:  to PC1
mar. sep. 14 11:13:57 2021: Changed device name:  to GYEPrincipal
mar. sep. 14 11:13:57 2021: Changed device name:  to G1
mar. sep. 14 11:13:57 2021: Changed device name:  to Power Distribution Device2
mar. sep. 14 11:13:57 2021: Changed device name:  to G2
mar. sep. 14 11:13:57 2021: Changed device name:  to G3
mar. sep. 14 11:13:58 2021: Changed device name:  to G4
mar. sep. 14 11:13:58 2021: Changed device name:  to G5
mar. sep. 14 11:13:58 2021: Changed device name:  to G6
mar. sep. 14 11:13:58 2021: Changed device name:  to G7
mar. sep. 14 11:13:58 2021: Changed device name:  to G8
mar. sep. 14 11:13:58 2021: Changed device name:  to G9
mar. sep. 14 11:13:58 2021: Changed device name:  to MCHPrincipal
mar. sep. 14 11:13:58 2021: Changed device name:  to M1
mar. sep. 14 11:13:58 2021: Changed device name:  to M2
mar. sep. 14 11:13:58 2021: Changed device name:  to M3
mar. sep. 14 11:13:58 2021: Changed device name:  to M4
mar. sep. 14 11:13:58 2021: Changed device name:  to Power Distribution Device3
mar. sep. 14 11:13:58 2021: Changed device name:  to M5
mar. sep. 14 11:13:58 2021: Changed device name:  to M6
mar. sep. 14 11:13:58 2021: Changed device name:  to GYE
mar. sep. 14 11:13:58 2021: Changed device name:  to PC2
mar. sep. 14 11:13:59 2021: Changed device name:  to PC3
mar. sep. 14 11:13:59 2021: Changed device name:  to PC4
mar. sep. 14 11:13:59 2021: Changed device name:  to PC5
mar. sep. 14 11:13:59 2021: Changed device name:  to PC6
mar. sep. 14 11:13:59 2021: Changed device name:  to PC7
mar. sep. 14 11:13:59 2021: Changed device name:  to PC8
mar. sep. 14 11:13:59 2021: Changed device name:  to PC9
mar. sep. 14 11:13:59 2021: Changed device name:  to PC10
mar. sep. 14 11:13:59 2021: Changed device name:  to PC11
mar. sep. 14 11:13:59 2021: Changed device name:  to PC12
mar. sep. 14 11:13:59 2021: Changed device name:  to PC13
mar. sep. 14 11:13:59 2021: Changed device name:  to PC14
mar. sep. 14 11:13:59 2021: Changed device name:  to PC15
mar. sep. 14 11:13:59 2021: Changed device name:  to PC16
mar. sep. 14 11:13:59 2021: Changed device name:  to PC17
mar. sep. 14 11:13:59 2021: Changed device name:  to PC18
mar. sep. 14 11:13:59 2021: Changed device name:  to PC19
mar. sep. 14 11:13:59 2021: Changed device name:  to PC20
mar. sep. 14 11:13:59 2021: Changed device name:  to PC21
mar. sep. 14 11:13:59 2021: Changed device name:  to PC22
mar. sep. 14 11:13:59 2021: Changed device name:  to PC23
mar. sep. 14 11:13:59 2021: Changed device name:  to PC24
mar. sep. 14 11:13:59 2021: Changed device name:  to PC25
mar. sep. 14 11:13:59 2021: Changed device name:  to PC26
mar. sep. 14 11:13:59 2021: Changed device name:  to PC27
mar. sep. 14 11:13:59 2021: Changed device name:  to PC28
mar. sep. 14 11:13:59 2021: Changed device name:  to PC29
mar. sep. 14 11:13:59 2021: Changed device name:  to PC30
mar. sep. 14 11:13:59 2021: Changed device name:  to PC31
mar. sep. 14 11:13:59 2021: Changed device name:  to PC32
mar. sep. 14 11:13:59 2021: Changed device name:  to PC33
mar. sep. 14 11:13:59 2021: Changed device name:  to PC34
mar. sep. 14 11:13:59 2021: Changed device name:  to PC35
mar. sep. 14 11:13:59 2021: Changed device name:  to PC36
mar. sep. 14 11:13:59 2021: Changed device name:  to PC37
mar. sep. 14 11:13:59 2021: Changed device name:  to PC38
mar. sep. 14 11:13:59 2021: Changed device name:  to PC39
mar. sep. 14 11:13:59 2021: Changed device name:  to PC40
mar. sep. 14 11:13:59 2021: Changed device name:  to PC41
mar. sep. 14 11:13:59 2021: Changed device name:  to PC42
mar. sep. 14 11:13:59 2021: Changed device name:  to PC43
mar. sep. 14 11:13:59 2021: Changed device name:  to PC44
mar. sep. 14 11:13:59 2021: Changed device name:  to PC45
mar. sep. 14 11:13:59 2021: Changed device name:  to PC46
mar. sep. 14 11:13:59 2021: Changed device name:  to PC47
mar. sep. 14 11:13:59 2021: Changed device name:  to Mch
mar. sep. 14 11:13:59 2021: Changed device name:  to UIO
mar. sep. 14 11:14:00 2021: Script Module stopping: File
mar. sep. 14 11:14:00 2021: Script Module starting: File
mar. sep. 14 11:14:00 2021: File opened successfully.
mar. sep. 14 11:14:11 2021: CPtmpServer started at port 39000
mar. sep. 14 11:14:12 2021: Script Module starting: net.netacad.cisco.ActivitySequenceEditor
mar. sep. 14 11:14:12 2021: Script Module starting: net.netacad.cisco.ActivitySequencer
mar. sep. 14 11:14:12 2021: Script Module starting: net.netacad.cisco.clearTerminalAgent
mar. sep. 14 11:14:12 2021: Script Module starting: net.netacad.cisco.Marvel
mar. sep. 14 11:14:12 2021: Script Module starting: net.netacad.cisco.PcSoftware
mar. sep. 14 11:14:12 2021: Script Module starting: net.netacad.cisco.PTINTERNAL
mar. sep. 14 11:14:13 2021: Script Module starting: net.netacad.cisco.resource
mar. sep. 14 11:14:13 2021: c:\users\cisco\jenkins\workspace\m_sgme_pt80_win64_cae\engine\ipc\ccep.cpp(349):WARN  - Forced an exapp to be MANDATORY at run-time.
mar. sep. 14 11:14:15 2021: CPtmpServer started at port 38000
mar. sep. 14 11:21:37 2021: Changed device name: Mch to Mc
mar. sep. 14 11:21:38 2021: Changed device name: Mc to M
mar. sep. 14 11:21:40 2021: Changed device name: M to C
mar. sep. 14 11:21:40 2021: Changed device name: C to CN
mar. sep. 14 11:21:41 2021: Changed device name: CN to CNC
mar. sep. 14 11:21:43 2021: Changed device name: CNC to CN
mar. sep. 14 11:21:43 2021: Changed device name: CN to C
mar. sep. 14 11:21:45 2021: Changed device name: C to Cn
mar. sep. 14 11:22:13 2021: Changed device name: Cn to C
mar. sep. 14 11:22:15 2021: Changed device name: C to Cu
mar. sep. 14 11:22:17 2021: Changed device name: Cu to Cue
mar. sep. 14 11:22:18 2021: Changed device name: Cue to Cuen
mar. sep. 14 11:22:22 2021: Cuen: Router> enable
mar. sep. 14 11:22:22 2021: Cuen: Router# copy running-config startup-config
mar. sep. 14 11:37:26 2021: Saving to file: C:/Users/cesar/Downloads/Trabajo Extra_Garnica.pkt
mar. sep. 14 11:37:27 2021: Saving options...
mar. sep. 14 11:37:27 2021: Options saved.
mar. sep. 14 11:37:27 2021: File saved successfully.
mar. sep. 14 11:37:27 2021: Saving options...
mar. sep. 14 11:37:27 2021: Options saved.
mar. sep. 14 11:37:35 2021: Script Module stopping: File
